<?xml version="1.0" encoding="UTF-8"?>
<testsuite name="JPA 연결 테스트" tests="4" skipped="0" failures="0" errors="0" timestamp="2023-02-15T05:56:50" hostname="Ahram-MacBook-Pro.local" time="0.195">
  <properties/>
  <testcase name="Update Test" classname="com.ardevtech.board.repository.JpaRepositoryTest" time="0.091"/>
  <testcase name="Insert Test" classname="com.ardevtech.board.repository.JpaRepositoryTest" time="0.048"/>
  <testcase name="Delete Test" classname="com.ardevtech.board.repository.JpaRepositoryTest" time="0.018"/>
  <testcase name="Select Test" classname="com.ardevtech.board.repository.JpaRepositoryTest" time="0.034"/>
  <system-out><![CDATA[2023-02-15 14:56:50.510  INFO 13832 --- [    Test worker] b.t.a.o.j.DataJpaTestContextBootstrapper : Neither @ContextConfiguration nor @ContextHierarchy found for test class [com.ardevtech.board.repository.JpaRepositoryTest], using SpringBootContextLoader
2023-02-15 14:56:50.510  INFO 13832 --- [    Test worker] o.s.t.c.support.AbstractContextLoader    : Could not detect default resource locations for test class [com.ardevtech.board.repository.JpaRepositoryTest]: no resource found for suffixes {-context.xml, Context.groovy}.
2023-02-15 14:56:50.511  INFO 13832 --- [    Test worker] t.c.s.AnnotationConfigContextLoaderUtils : Could not detect default configuration classes for test class [com.ardevtech.board.repository.JpaRepositoryTest]: JpaRepositoryTest does not declare any static, non-private, non-final, nested classes annotated with @Configuration.
2023-02-15 14:56:50.519  INFO 13832 --- [    Test worker] .b.t.c.SpringBootTestContextBootstrapper : Found @SpringBootConfiguration com.ardevtech.board.BoardApplication for test class com.ardevtech.board.repository.JpaRepositoryTest
2023-02-15 14:56:50.519  INFO 13832 --- [    Test worker] b.t.a.o.j.DataJpaTestContextBootstrapper : Loaded default TestExecutionListener class names from location [META-INF/spring.factories]: [org.springframework.boot.test.autoconfigure.restdocs.RestDocsTestExecutionListener, org.springframework.boot.test.autoconfigure.web.client.MockRestServiceServerResetTestExecutionListener, org.springframework.boot.test.autoconfigure.web.servlet.MockMvcPrintOnlyOnFailureTestExecutionListener, org.springframework.boot.test.autoconfigure.web.servlet.WebDriverTestExecutionListener, org.springframework.boot.test.autoconfigure.webservices.client.MockWebServiceServerTestExecutionListener, org.springframework.boot.test.mock.mockito.MockitoTestExecutionListener, org.springframework.boot.test.mock.mockito.ResetMocksTestExecutionListener, org.springframework.test.context.web.ServletTestExecutionListener, org.springframework.test.context.support.DirtiesContextBeforeModesTestExecutionListener, org.springframework.test.context.event.ApplicationEventsTestExecutionListener, org.springframework.test.context.support.DependencyInjectionTestExecutionListener, org.springframework.test.context.support.DirtiesContextTestExecutionListener, org.springframework.test.context.transaction.TransactionalTestExecutionListener, org.springframework.test.context.jdbc.SqlScriptsTestExecutionListener, org.springframework.test.context.event.EventPublishingTestExecutionListener]
2023-02-15 14:56:50.520  INFO 13832 --- [    Test worker] b.t.a.o.j.DataJpaTestContextBootstrapper : Using TestExecutionListeners: [org.springframework.test.context.web.ServletTestExecutionListener@73bb782d, org.springframework.test.context.support.DirtiesContextBeforeModesTestExecutionListener@3a3375d8, org.springframework.test.context.event.ApplicationEventsTestExecutionListener@63bb719d, org.springframework.boot.test.mock.mockito.MockitoTestExecutionListener@38e100ab, org.springframework.boot.test.autoconfigure.SpringBootDependencyInjectionTestExecutionListener@10b36d8a, org.springframework.test.context.support.DirtiesContextTestExecutionListener@318f47f1, org.springframework.test.context.transaction.TransactionalTestExecutionListener@900ffc4, org.springframework.test.context.jdbc.SqlScriptsTestExecutionListener@39d44217, org.springframework.test.context.event.EventPublishingTestExecutionListener@3280a79a, org.springframework.boot.test.autoconfigure.restdocs.RestDocsTestExecutionListener@79fbcef4, org.springframework.boot.test.autoconfigure.web.client.MockRestServiceServerResetTestExecutionListener@770be0d0, org.springframework.boot.test.autoconfigure.web.servlet.MockMvcPrintOnlyOnFailureTestExecutionListener@6c54d0dc, org.springframework.boot.test.autoconfigure.web.servlet.WebDriverTestExecutionListener@5b5f06bb, org.springframework.boot.test.autoconfigure.webservices.client.MockWebServiceServerTestExecutionListener@7c74ef4a, org.springframework.boot.test.mock.mockito.ResetMocksTestExecutionListener@54519d74]

  .   ____          _            __ _ _
 /\\ / ___'_ __ _ _(_)_ __  __ _ \ \ \ \
( ( )\___ | '_ | '_| | '_ \/ _` | \ \ \ \
 \\/  ___)| |_)| | | | | || (_| |  ) ) ) )
  '  |____| .__|_| |_|_| |_\__, | / / / /
 =========|_|==============|___/=/_/_/_/
 :: Spring Boot ::                (v2.7.0)

2023-02-15 14:56:50.535  INFO 13832 --- [    Test worker] c.a.board.repository.JpaRepositoryTest   : Starting JpaRepositoryTest using Java 19.0.1 on Ahram-MacBook-Pro.local with PID 13832 (started by ahram in /Users/ahram/Documents/Programming/FastCampusProject/ProjectList/board)
2023-02-15 14:56:50.535 DEBUG 13832 --- [    Test worker] c.a.board.repository.JpaRepositoryTest   : Running with Spring Boot v2.7.0, Spring v5.3.20
2023-02-15 14:56:50.535  INFO 13832 --- [    Test worker] c.a.board.repository.JpaRepositoryTest   : No active profile set, falling back to 1 default profile: "default"
2023-02-15 14:56:50.571  INFO 13832 --- [    Test worker] .s.d.r.c.RepositoryConfigurationDelegate : Bootstrapping Spring Data JPA repositories in DEFAULT mode.
2023-02-15 14:56:50.574  INFO 13832 --- [    Test worker] .s.d.r.c.RepositoryConfigurationDelegate : Finished Spring Data repository scanning in 3 ms. Found 2 JPA repository interfaces.
2023-02-15 14:56:50.579  INFO 13832 --- [    Test worker] beddedDataSourceBeanFactoryPostProcessor : Replacing 'dataSource' DataSource bean with embedded version
2023-02-15 14:56:50.596  INFO 13832 --- [    Test worker] o.s.j.d.e.EmbeddedDatabaseFactory        : Starting embedded database: url='jdbc:h2:mem:c5d64b5f-3f78-4032-8fc4-5aadbc11ab89;DB_CLOSE_DELAY=-1;DB_CLOSE_ON_EXIT=false', username='sa'
2023-02-15 14:56:50.703  INFO 13832 --- [    Test worker] o.hibernate.jpa.internal.util.LogHelper  : HHH000204: Processing PersistenceUnitInfo [name: default]
2023-02-15 14:56:50.709  INFO 13832 --- [    Test worker] org.hibernate.dialect.Dialect            : HHH000400: Using dialect: org.hibernate.dialect.H2Dialect
Hibernate: 
    
    drop table if exists article CASCADE 
Hibernate: 
    
    drop table if exists article_comment CASCADE 
Hibernate: 
    
    create table article (
       id bigint generated by default as identity,
        created_at timestamp not null,
        created_by varchar(100) not null,
        modified_at timestamp not null,
        modified_by varchar(100) not null,
        content varchar(10000) not null,
        hashtag varchar(255),
        title varchar(255) not null,
        primary key (id)
    )
Hibernate: 
    
    create table article_comment (
       id bigint generated by default as identity,
        created_at timestamp not null,
        created_by varchar(100) not null,
        modified_at timestamp not null,
        modified_by varchar(100) not null,
        content varchar(500) not null,
        article_id bigint not null,
        primary key (id)
    )
Hibernate: create index IDX571gx7oqo5xpmgocegaidlcu9 on article (title)
Hibernate: create index IDXai44fu6vaa28ebpydglnv7t3e on article (hashtag)
Hibernate: create index IDXrmt77yibijtk4sarremr67saa on article (created_at)
Hibernate: create index IDXjl4utii2etiocimt799wvtuvv on article (created_by)
Hibernate: create index IDXpieqqnljv147sefofs56h25qx on article_comment (content)
Hibernate: create index IDXh1jx107qecntcbcpc2vfb07ij on article_comment (created_at)
Hibernate: create index IDXc6pa61djuf2o8xnceyyvtdbaq on article_comment (created_by)
Hibernate: 
    
    alter table article_comment 
       add constraint FKghmocqkgqs5tkmucf5putw64t 
       foreign key (article_id) 
       references article
2023-02-15 14:56:50.760  INFO 13832 --- [    Test worker] o.h.e.t.j.p.i.JtaPlatformInitiator       : HHH000490: Using JtaPlatform implementation: [org.hibernate.engine.transaction.jta.platform.internal.NoJtaPlatform]
2023-02-15 14:56:50.760  INFO 13832 --- [    Test worker] j.LocalContainerEntityManagerFactoryBean : Initialized JPA EntityManagerFactory for persistence unit 'default'
2023-02-15 14:56:50.903  INFO 13832 --- [    Test worker] c.a.board.repository.JpaRepositoryTest   : Started JpaRepositoryTest in 0.381 seconds (JVM running for 3.562)
2023-02-15 14:56:50.912  INFO 13832 --- [    Test worker] o.s.t.c.transaction.TransactionContext   : Began transaction (1) for test context [DefaultTestContext@1bad5ab3 testClass = JpaRepositoryTest, testInstance = com.ardevtech.board.repository.JpaRepositoryTest@688e6d4e, testMethod = givenTestData_whenUpdating_thenWorkingFine@JpaRepositoryTest, testException = [null], mergedContextConfiguration = [MergedContextConfiguration@63513c1c testClass = JpaRepositoryTest, locations = '{}', classes = '{class com.ardevtech.board.BoardApplication}', contextInitializerClasses = '[]', activeProfiles = '{}', propertySourceLocations = '{}', propertySourceProperties = '{org.springframework.boot.test.autoconfigure.orm.jpa.DataJpaTestContextBootstrapper=true}', contextCustomizers = set[org.springframework.boot.test.autoconfigure.OverrideAutoConfigurationContextCustomizerFactory$DisableAutoConfigurationContextCustomizer@56c7e2d1, org.springframework.boot.test.autoconfigure.actuate.metrics.MetricsExportContextCustomizerFactory$DisableMetricExportContextCustomizer@466276d8, org.springframework.boot.test.autoconfigure.filter.TypeExcludeFiltersContextCustomizer@351584c0, org.springframework.boot.test.autoconfigure.properties.PropertyMappingContextCustomizer@23818da6, org.springframework.boot.test.autoconfigure.web.servlet.WebDriverContextCustomizerFactory$Customizer@1a20270e, [ImportsContextCustomizer@5b256ab5 key = [org.springframework.boot.autoconfigure.cache.CacheAutoConfiguration, org.springframework.boot.autoconfigure.data.jpa.JpaRepositoriesAutoConfiguration, org.springframework.boot.autoconfigure.flyway.FlywayAutoConfiguration, org.springframework.boot.autoconfigure.jdbc.DataSourceAutoConfiguration, org.springframework.boot.autoconfigure.jdbc.DataSourceTransactionManagerAutoConfiguration, org.springframework.boot.autoconfigure.jdbc.JdbcTemplateAutoConfiguration, org.springframework.boot.autoconfigure.liquibase.LiquibaseAutoConfiguration, org.springframework.boot.autoconfigure.orm.jpa.HibernateJpaAutoConfiguration, org.springframework.boot.autoconfigure.sql.init.SqlInitializationAutoConfiguration, org.springframework.boot.autoconfigure.transaction.TransactionAutoConfiguration, org.springframework.boot.test.autoconfigure.jdbc.TestDatabaseAutoConfiguration, org.springframework.boot.test.autoconfigure.orm.jpa.TestEntityManagerAutoConfiguration, com.ardevtech.board.config.JpaConfig]], org.springframework.boot.test.context.filter.ExcludeFilterContextCustomizer@2f16c6b3, org.springframework.boot.test.json.DuplicateJsonObjectContextCustomizerFactory$DuplicateJsonObjectContextCustomizer@53941c2f, org.springframework.boot.test.mock.mockito.MockitoContextCustomizer@0, org.springframework.boot.test.context.SpringBootTestArgs@1, org.springframework.boot.test.context.SpringBootTestWebEnvironment@0], contextLoader = 'org.springframework.boot.test.context.SpringBootContextLoader', parent = [null]], attributes = map['org.springframework.test.context.event.ApplicationEventsTestExecutionListener.recordApplicationEvents' -> false]]; transaction manager [org.springframework.orm.jpa.JpaTransactionManager@4ec78008]; rollback [true]
Hibernate: 
    select
        article0_.id as id1_0_0_,
        article0_.created_at as created_2_0_0_,
        article0_.created_by as created_3_0_0_,
        article0_.modified_at as modified4_0_0_,
        article0_.modified_by as modified5_0_0_,
        article0_.content as content6_0_0_,
        article0_.hashtag as hashtag7_0_0_,
        article0_.title as title8_0_0_ 
    from
        article article0_ 
    where
        article0_.id=?
2023-02-15 14:56:50.926 TRACE 13832 --- [    Test worker] o.h.type.descriptor.sql.BasicBinder      : binding parameter [1] as [BIGINT] - [1]
Hibernate: 
    update
        article 
    set
        modified_at=?,
        modified_by=?,
        content=?,
        hashtag=?,
        title=? 
    where
        id=?
2023-02-15 14:56:50.968 TRACE 13832 --- [    Test worker] o.h.type.descriptor.sql.BasicBinder      : binding parameter [1] as [TIMESTAMP] - [2023-02-15T14:56:50.961607]
2023-02-15 14:56:50.969 TRACE 13832 --- [    Test worker] o.h.type.descriptor.sql.BasicBinder      : binding parameter [2] as [VARCHAR] - [board]
2023-02-15 14:56:50.969 TRACE 13832 --- [    Test worker] o.h.type.descriptor.sql.BasicBinder      : binding parameter [3] as [VARCHAR] - [Vestibulum quam sapien, varius ut, blandit non, interdum in, ante. Vestibulum ante ipsum primis in faucibus orci luctus et ultrices posuere cubilia Curae; Duis faucibus accumsan odio. Curabitur convallis.

Duis consequat dui nec nisi volutpat eleifend. Donec ut dolor. Morbi vel lectus in quam fringilla rhoncus.

Mauris enim leo, rhoncus sed, vestibulum sit amet, cursus id, turpis. Integer aliquet, massa id lobortis convallis, tortor risus dapibus augue, vel accumsan tellus nisi eu orci. Mauris lacinia sapien quis libero.]
2023-02-15 14:56:50.969 TRACE 13832 --- [    Test worker] o.h.type.descriptor.sql.BasicBinder      : binding parameter [4] as [VARCHAR] - [#Springboot]
2023-02-15 14:56:50.970 TRACE 13832 --- [    Test worker] o.h.type.descriptor.sql.BasicBinder      : binding parameter [5] as [VARCHAR] - [Quisque ut erat.]
2023-02-15 14:56:50.970 TRACE 13832 --- [    Test worker] o.h.type.descriptor.sql.BasicBinder      : binding parameter [6] as [BIGINT] - [1]
2023-02-15 14:56:50.998  INFO 13832 --- [    Test worker] o.s.t.c.transaction.TransactionContext   : Rolled back transaction for test: [DefaultTestContext@1bad5ab3 testClass = JpaRepositoryTest, testInstance = com.ardevtech.board.repository.JpaRepositoryTest@688e6d4e, testMethod = givenTestData_whenUpdating_thenWorkingFine@JpaRepositoryTest, testException = [null], mergedContextConfiguration = [MergedContextConfiguration@63513c1c testClass = JpaRepositoryTest, locations = '{}', classes = '{class com.ardevtech.board.BoardApplication}', contextInitializerClasses = '[]', activeProfiles = '{}', propertySourceLocations = '{}', propertySourceProperties = '{org.springframework.boot.test.autoconfigure.orm.jpa.DataJpaTestContextBootstrapper=true}', contextCustomizers = set[org.springframework.boot.test.autoconfigure.OverrideAutoConfigurationContextCustomizerFactory$DisableAutoConfigurationContextCustomizer@56c7e2d1, org.springframework.boot.test.autoconfigure.actuate.metrics.MetricsExportContextCustomizerFactory$DisableMetricExportContextCustomizer@466276d8, org.springframework.boot.test.autoconfigure.filter.TypeExcludeFiltersContextCustomizer@351584c0, org.springframework.boot.test.autoconfigure.properties.PropertyMappingContextCustomizer@23818da6, org.springframework.boot.test.autoconfigure.web.servlet.WebDriverContextCustomizerFactory$Customizer@1a20270e, [ImportsContextCustomizer@5b256ab5 key = [org.springframework.boot.autoconfigure.cache.CacheAutoConfiguration, org.springframework.boot.autoconfigure.data.jpa.JpaRepositoriesAutoConfiguration, org.springframework.boot.autoconfigure.flyway.FlywayAutoConfiguration, org.springframework.boot.autoconfigure.jdbc.DataSourceAutoConfiguration, org.springframework.boot.autoconfigure.jdbc.DataSourceTransactionManagerAutoConfiguration, org.springframework.boot.autoconfigure.jdbc.JdbcTemplateAutoConfiguration, org.springframework.boot.autoconfigure.liquibase.LiquibaseAutoConfiguration, org.springframework.boot.autoconfigure.orm.jpa.HibernateJpaAutoConfiguration, org.springframework.boot.autoconfigure.sql.init.SqlInitializationAutoConfiguration, org.springframework.boot.autoconfigure.transaction.TransactionAutoConfiguration, org.springframework.boot.test.autoconfigure.jdbc.TestDatabaseAutoConfiguration, org.springframework.boot.test.autoconfigure.orm.jpa.TestEntityManagerAutoConfiguration, com.ardevtech.board.config.JpaConfig]], org.springframework.boot.test.context.filter.ExcludeFilterContextCustomizer@2f16c6b3, org.springframework.boot.test.json.DuplicateJsonObjectContextCustomizerFactory$DuplicateJsonObjectContextCustomizer@53941c2f, org.springframework.boot.test.mock.mockito.MockitoContextCustomizer@0, org.springframework.boot.test.context.SpringBootTestArgs@1, org.springframework.boot.test.context.SpringBootTestWebEnvironment@0], contextLoader = 'org.springframework.boot.test.context.SpringBootContextLoader', parent = [null]], attributes = map['org.springframework.test.context.event.ApplicationEventsTestExecutionListener.recordApplicationEvents' -> false]]
2023-02-15 14:56:51.001  INFO 13832 --- [    Test worker] o.s.t.c.transaction.TransactionContext   : Began transaction (1) for test context [DefaultTestContext@1bad5ab3 testClass = JpaRepositoryTest, testInstance = com.ardevtech.board.repository.JpaRepositoryTest@6c418f0b, testMethod = givenTestData_whenInserting_thenWorkingFine@JpaRepositoryTest, testException = [null], mergedContextConfiguration = [MergedContextConfiguration@63513c1c testClass = JpaRepositoryTest, locations = '{}', classes = '{class com.ardevtech.board.BoardApplication}', contextInitializerClasses = '[]', activeProfiles = '{}', propertySourceLocations = '{}', propertySourceProperties = '{org.springframework.boot.test.autoconfigure.orm.jpa.DataJpaTestContextBootstrapper=true}', contextCustomizers = set[org.springframework.boot.test.autoconfigure.OverrideAutoConfigurationContextCustomizerFactory$DisableAutoConfigurationContextCustomizer@56c7e2d1, org.springframework.boot.test.autoconfigure.actuate.metrics.MetricsExportContextCustomizerFactory$DisableMetricExportContextCustomizer@466276d8, org.springframework.boot.test.autoconfigure.filter.TypeExcludeFiltersContextCustomizer@351584c0, org.springframework.boot.test.autoconfigure.properties.PropertyMappingContextCustomizer@23818da6, org.springframework.boot.test.autoconfigure.web.servlet.WebDriverContextCustomizerFactory$Customizer@1a20270e, [ImportsContextCustomizer@5b256ab5 key = [org.springframework.boot.autoconfigure.cache.CacheAutoConfiguration, org.springframework.boot.autoconfigure.data.jpa.JpaRepositoriesAutoConfiguration, org.springframework.boot.autoconfigure.flyway.FlywayAutoConfiguration, org.springframework.boot.autoconfigure.jdbc.DataSourceAutoConfiguration, org.springframework.boot.autoconfigure.jdbc.DataSourceTransactionManagerAutoConfiguration, org.springframework.boot.autoconfigure.jdbc.JdbcTemplateAutoConfiguration, org.springframework.boot.autoconfigure.liquibase.LiquibaseAutoConfiguration, org.springframework.boot.autoconfigure.orm.jpa.HibernateJpaAutoConfiguration, org.springframework.boot.autoconfigure.sql.init.SqlInitializationAutoConfiguration, org.springframework.boot.autoconfigure.transaction.TransactionAutoConfiguration, org.springframework.boot.test.autoconfigure.jdbc.TestDatabaseAutoConfiguration, org.springframework.boot.test.autoconfigure.orm.jpa.TestEntityManagerAutoConfiguration, com.ardevtech.board.config.JpaConfig]], org.springframework.boot.test.context.filter.ExcludeFilterContextCustomizer@2f16c6b3, org.springframework.boot.test.json.DuplicateJsonObjectContextCustomizerFactory$DuplicateJsonObjectContextCustomizer@53941c2f, org.springframework.boot.test.mock.mockito.MockitoContextCustomizer@0, org.springframework.boot.test.context.SpringBootTestArgs@1, org.springframework.boot.test.context.SpringBootTestWebEnvironment@0], contextLoader = 'org.springframework.boot.test.context.SpringBootContextLoader', parent = [null]], attributes = map['org.springframework.test.context.event.ApplicationEventsTestExecutionListener.recordApplicationEvents' -> false]]; transaction manager [org.springframework.orm.jpa.JpaTransactionManager@4ec78008]; rollback [true]
Hibernate: 
    select
        count(*) as col_0_0_ 
    from
        article article0_
Hibernate: 
    insert 
    into
        article
        (id, created_at, created_by, modified_at, modified_by, content, hashtag, title) 
    values
        (default, ?, ?, ?, ?, ?, ?, ?)
2023-02-15 14:56:51.043 TRACE 13832 --- [    Test worker] o.h.type.descriptor.sql.BasicBinder      : binding parameter [1] as [TIMESTAMP] - [2023-02-15T14:56:51.041219]
2023-02-15 14:56:51.043 TRACE 13832 --- [    Test worker] o.h.type.descriptor.sql.BasicBinder      : binding parameter [2] as [VARCHAR] - [board]
2023-02-15 14:56:51.043 TRACE 13832 --- [    Test worker] o.h.type.descriptor.sql.BasicBinder      : binding parameter [3] as [TIMESTAMP] - [2023-02-15T14:56:51.041219]
2023-02-15 14:56:51.043 TRACE 13832 --- [    Test worker] o.h.type.descriptor.sql.BasicBinder      : binding parameter [4] as [VARCHAR] - [board]
2023-02-15 14:56:51.043 TRACE 13832 --- [    Test worker] o.h.type.descriptor.sql.BasicBinder      : binding parameter [5] as [VARCHAR] - [content]
2023-02-15 14:56:51.043 TRACE 13832 --- [    Test worker] o.h.type.descriptor.sql.BasicBinder      : binding parameter [6] as [VARCHAR] - [#spring]
2023-02-15 14:56:51.043 TRACE 13832 --- [    Test worker] o.h.type.descriptor.sql.BasicBinder      : binding parameter [7] as [VARCHAR] - [title]
Hibernate: 
    select
        count(*) as col_0_0_ 
    from
        article article0_
2023-02-15 14:56:51.048  INFO 13832 --- [    Test worker] o.s.t.c.transaction.TransactionContext   : Rolled back transaction for test: [DefaultTestContext@1bad5ab3 testClass = JpaRepositoryTest, testInstance = com.ardevtech.board.repository.JpaRepositoryTest@6c418f0b, testMethod = givenTestData_whenInserting_thenWorkingFine@JpaRepositoryTest, testException = [null], mergedContextConfiguration = [MergedContextConfiguration@63513c1c testClass = JpaRepositoryTest, locations = '{}', classes = '{class com.ardevtech.board.BoardApplication}', contextInitializerClasses = '[]', activeProfiles = '{}', propertySourceLocations = '{}', propertySourceProperties = '{org.springframework.boot.test.autoconfigure.orm.jpa.DataJpaTestContextBootstrapper=true}', contextCustomizers = set[org.springframework.boot.test.autoconfigure.OverrideAutoConfigurationContextCustomizerFactory$DisableAutoConfigurationContextCustomizer@56c7e2d1, org.springframework.boot.test.autoconfigure.actuate.metrics.MetricsExportContextCustomizerFactory$DisableMetricExportContextCustomizer@466276d8, org.springframework.boot.test.autoconfigure.filter.TypeExcludeFiltersContextCustomizer@351584c0, org.springframework.boot.test.autoconfigure.properties.PropertyMappingContextCustomizer@23818da6, org.springframework.boot.test.autoconfigure.web.servlet.WebDriverContextCustomizerFactory$Customizer@1a20270e, [ImportsContextCustomizer@5b256ab5 key = [org.springframework.boot.autoconfigure.cache.CacheAutoConfiguration, org.springframework.boot.autoconfigure.data.jpa.JpaRepositoriesAutoConfiguration, org.springframework.boot.autoconfigure.flyway.FlywayAutoConfiguration, org.springframework.boot.autoconfigure.jdbc.DataSourceAutoConfiguration, org.springframework.boot.autoconfigure.jdbc.DataSourceTransactionManagerAutoConfiguration, org.springframework.boot.autoconfigure.jdbc.JdbcTemplateAutoConfiguration, org.springframework.boot.autoconfigure.liquibase.LiquibaseAutoConfiguration, org.springframework.boot.autoconfigure.orm.jpa.HibernateJpaAutoConfiguration, org.springframework.boot.autoconfigure.sql.init.SqlInitializationAutoConfiguration, org.springframework.boot.autoconfigure.transaction.TransactionAutoConfiguration, org.springframework.boot.test.autoconfigure.jdbc.TestDatabaseAutoConfiguration, org.springframework.boot.test.autoconfigure.orm.jpa.TestEntityManagerAutoConfiguration, com.ardevtech.board.config.JpaConfig]], org.springframework.boot.test.context.filter.ExcludeFilterContextCustomizer@2f16c6b3, org.springframework.boot.test.json.DuplicateJsonObjectContextCustomizerFactory$DuplicateJsonObjectContextCustomizer@53941c2f, org.springframework.boot.test.mock.mockito.MockitoContextCustomizer@0, org.springframework.boot.test.context.SpringBootTestArgs@1, org.springframework.boot.test.context.SpringBootTestWebEnvironment@0], contextLoader = 'org.springframework.boot.test.context.SpringBootContextLoader', parent = [null]], attributes = map['org.springframework.test.context.event.ApplicationEventsTestExecutionListener.recordApplicationEvents' -> false]]
2023-02-15 14:56:51.051  INFO 13832 --- [    Test worker] o.s.t.c.transaction.TransactionContext   : Began transaction (1) for test context [DefaultTestContext@1bad5ab3 testClass = JpaRepositoryTest, testInstance = com.ardevtech.board.repository.JpaRepositoryTest@557fe039, testMethod = givenTestData_whenDeleting_thenWorkingFine@JpaRepositoryTest, testException = [null], mergedContextConfiguration = [MergedContextConfiguration@63513c1c testClass = JpaRepositoryTest, locations = '{}', classes = '{class com.ardevtech.board.BoardApplication}', contextInitializerClasses = '[]', activeProfiles = '{}', propertySourceLocations = '{}', propertySourceProperties = '{org.springframework.boot.test.autoconfigure.orm.jpa.DataJpaTestContextBootstrapper=true}', contextCustomizers = set[org.springframework.boot.test.autoconfigure.OverrideAutoConfigurationContextCustomizerFactory$DisableAutoConfigurationContextCustomizer@56c7e2d1, org.springframework.boot.test.autoconfigure.actuate.metrics.MetricsExportContextCustomizerFactory$DisableMetricExportContextCustomizer@466276d8, org.springframework.boot.test.autoconfigure.filter.TypeExcludeFiltersContextCustomizer@351584c0, org.springframework.boot.test.autoconfigure.properties.PropertyMappingContextCustomizer@23818da6, org.springframework.boot.test.autoconfigure.web.servlet.WebDriverContextCustomizerFactory$Customizer@1a20270e, [ImportsContextCustomizer@5b256ab5 key = [org.springframework.boot.autoconfigure.cache.CacheAutoConfiguration, org.springframework.boot.autoconfigure.data.jpa.JpaRepositoriesAutoConfiguration, org.springframework.boot.autoconfigure.flyway.FlywayAutoConfiguration, org.springframework.boot.autoconfigure.jdbc.DataSourceAutoConfiguration, org.springframework.boot.autoconfigure.jdbc.DataSourceTransactionManagerAutoConfiguration, org.springframework.boot.autoconfigure.jdbc.JdbcTemplateAutoConfiguration, org.springframework.boot.autoconfigure.liquibase.LiquibaseAutoConfiguration, org.springframework.boot.autoconfigure.orm.jpa.HibernateJpaAutoConfiguration, org.springframework.boot.autoconfigure.sql.init.SqlInitializationAutoConfiguration, org.springframework.boot.autoconfigure.transaction.TransactionAutoConfiguration, org.springframework.boot.test.autoconfigure.jdbc.TestDatabaseAutoConfiguration, org.springframework.boot.test.autoconfigure.orm.jpa.TestEntityManagerAutoConfiguration, com.ardevtech.board.config.JpaConfig]], org.springframework.boot.test.context.filter.ExcludeFilterContextCustomizer@2f16c6b3, org.springframework.boot.test.json.DuplicateJsonObjectContextCustomizerFactory$DuplicateJsonObjectContextCustomizer@53941c2f, org.springframework.boot.test.mock.mockito.MockitoContextCustomizer@0, org.springframework.boot.test.context.SpringBootTestArgs@1, org.springframework.boot.test.context.SpringBootTestWebEnvironment@0], contextLoader = 'org.springframework.boot.test.context.SpringBootContextLoader', parent = [null]], attributes = map['org.springframework.test.context.event.ApplicationEventsTestExecutionListener.recordApplicationEvents' -> false]]; transaction manager [org.springframework.orm.jpa.JpaTransactionManager@4ec78008]; rollback [true]
Hibernate: 
    select
        article0_.id as id1_0_0_,
        article0_.created_at as created_2_0_0_,
        article0_.created_by as created_3_0_0_,
        article0_.modified_at as modified4_0_0_,
        article0_.modified_by as modified5_0_0_,
        article0_.content as content6_0_0_,
        article0_.hashtag as hashtag7_0_0_,
        article0_.title as title8_0_0_ 
    from
        article article0_ 
    where
        article0_.id=?
2023-02-15 14:56:51.052 TRACE 13832 --- [    Test worker] o.h.type.descriptor.sql.BasicBinder      : binding parameter [1] as [BIGINT] - [1]
Hibernate: 
    select
        count(*) as col_0_0_ 
    from
        article article0_
Hibernate: 
    select
        count(*) as col_0_0_ 
    from
        article_comment articlecom0_
Hibernate: 
    select
        articlecom0_.article_id as article_7_1_1_,
        articlecom0_.id as id1_1_1_,
        articlecom0_.id as id1_1_0_,
        articlecom0_.created_at as created_2_1_0_,
        articlecom0_.created_by as created_3_1_0_,
        articlecom0_.modified_at as modified4_1_0_,
        articlecom0_.modified_by as modified5_1_0_,
        articlecom0_.article_id as article_7_1_0_,
        articlecom0_.content as content6_1_0_ 
    from
        article_comment articlecom0_ 
    where
        articlecom0_.article_id=? 
    order by
        articlecom0_.id
2023-02-15 14:56:51.058 TRACE 13832 --- [    Test worker] o.h.type.descriptor.sql.BasicBinder      : binding parameter [1] as [BIGINT] - [1]
Hibernate: 
    delete 
    from
        article_comment 
    where
        id=?
2023-02-15 14:56:51.064 TRACE 13832 --- [    Test worker] o.h.type.descriptor.sql.BasicBinder      : binding parameter [1] as [BIGINT] - [113]
Hibernate: 
    delete 
    from
        article_comment 
    where
        id=?
2023-02-15 14:56:51.064 TRACE 13832 --- [    Test worker] o.h.type.descriptor.sql.BasicBinder      : binding parameter [1] as [BIGINT] - [170]
Hibernate: 
    delete 
    from
        article_comment 
    where
        id=?
2023-02-15 14:56:51.065 TRACE 13832 --- [    Test worker] o.h.type.descriptor.sql.BasicBinder      : binding parameter [1] as [BIGINT] - [173]
Hibernate: 
    delete 
    from
        article 
    where
        id=?
2023-02-15 14:56:51.065 TRACE 13832 --- [    Test worker] o.h.type.descriptor.sql.BasicBinder      : binding parameter [1] as [BIGINT] - [1]
Hibernate: 
    select
        count(*) as col_0_0_ 
    from
        article article0_
Hibernate: 
    select
        count(*) as col_0_0_ 
    from
        article_comment articlecom0_
2023-02-15 14:56:51.067  INFO 13832 --- [    Test worker] o.s.t.c.transaction.TransactionContext   : Rolled back transaction for test: [DefaultTestContext@1bad5ab3 testClass = JpaRepositoryTest, testInstance = com.ardevtech.board.repository.JpaRepositoryTest@557fe039, testMethod = givenTestData_whenDeleting_thenWorkingFine@JpaRepositoryTest, testException = [null], mergedContextConfiguration = [MergedContextConfiguration@63513c1c testClass = JpaRepositoryTest, locations = '{}', classes = '{class com.ardevtech.board.BoardApplication}', contextInitializerClasses = '[]', activeProfiles = '{}', propertySourceLocations = '{}', propertySourceProperties = '{org.springframework.boot.test.autoconfigure.orm.jpa.DataJpaTestContextBootstrapper=true}', contextCustomizers = set[org.springframework.boot.test.autoconfigure.OverrideAutoConfigurationContextCustomizerFactory$DisableAutoConfigurationContextCustomizer@56c7e2d1, org.springframework.boot.test.autoconfigure.actuate.metrics.MetricsExportContextCustomizerFactory$DisableMetricExportContextCustomizer@466276d8, org.springframework.boot.test.autoconfigure.filter.TypeExcludeFiltersContextCustomizer@351584c0, org.springframework.boot.test.autoconfigure.properties.PropertyMappingContextCustomizer@23818da6, org.springframework.boot.test.autoconfigure.web.servlet.WebDriverContextCustomizerFactory$Customizer@1a20270e, [ImportsContextCustomizer@5b256ab5 key = [org.springframework.boot.autoconfigure.cache.CacheAutoConfiguration, org.springframework.boot.autoconfigure.data.jpa.JpaRepositoriesAutoConfiguration, org.springframework.boot.autoconfigure.flyway.FlywayAutoConfiguration, org.springframework.boot.autoconfigure.jdbc.DataSourceAutoConfiguration, org.springframework.boot.autoconfigure.jdbc.DataSourceTransactionManagerAutoConfiguration, org.springframework.boot.autoconfigure.jdbc.JdbcTemplateAutoConfiguration, org.springframework.boot.autoconfigure.liquibase.LiquibaseAutoConfiguration, org.springframework.boot.autoconfigure.orm.jpa.HibernateJpaAutoConfiguration, org.springframework.boot.autoconfigure.sql.init.SqlInitializationAutoConfiguration, org.springframework.boot.autoconfigure.transaction.TransactionAutoConfiguration, org.springframework.boot.test.autoconfigure.jdbc.TestDatabaseAutoConfiguration, org.springframework.boot.test.autoconfigure.orm.jpa.TestEntityManagerAutoConfiguration, com.ardevtech.board.config.JpaConfig]], org.springframework.boot.test.context.filter.ExcludeFilterContextCustomizer@2f16c6b3, org.springframework.boot.test.json.DuplicateJsonObjectContextCustomizerFactory$DuplicateJsonObjectContextCustomizer@53941c2f, org.springframework.boot.test.mock.mockito.MockitoContextCustomizer@0, org.springframework.boot.test.context.SpringBootTestArgs@1, org.springframework.boot.test.context.SpringBootTestWebEnvironment@0], contextLoader = 'org.springframework.boot.test.context.SpringBootContextLoader', parent = [null]], attributes = map['org.springframework.test.context.event.ApplicationEventsTestExecutionListener.recordApplicationEvents' -> false]]
2023-02-15 14:56:51.070  INFO 13832 --- [    Test worker] o.s.t.c.transaction.TransactionContext   : Began transaction (1) for test context [DefaultTestContext@1bad5ab3 testClass = JpaRepositoryTest, testInstance = com.ardevtech.board.repository.JpaRepositoryTest@6b0aa757, testMethod = givenTestData_whenSelection_thenWorkingFine@JpaRepositoryTest, testException = [null], mergedContextConfiguration = [MergedContextConfiguration@63513c1c testClass = JpaRepositoryTest, locations = '{}', classes = '{class com.ardevtech.board.BoardApplication}', contextInitializerClasses = '[]', activeProfiles = '{}', propertySourceLocations = '{}', propertySourceProperties = '{org.springframework.boot.test.autoconfigure.orm.jpa.DataJpaTestContextBootstrapper=true}', contextCustomizers = set[org.springframework.boot.test.autoconfigure.OverrideAutoConfigurationContextCustomizerFactory$DisableAutoConfigurationContextCustomizer@56c7e2d1, org.springframework.boot.test.autoconfigure.actuate.metrics.MetricsExportContextCustomizerFactory$DisableMetricExportContextCustomizer@466276d8, org.springframework.boot.test.autoconfigure.filter.TypeExcludeFiltersContextCustomizer@351584c0, org.springframework.boot.test.autoconfigure.properties.PropertyMappingContextCustomizer@23818da6, org.springframework.boot.test.autoconfigure.web.servlet.WebDriverContextCustomizerFactory$Customizer@1a20270e, [ImportsContextCustomizer@5b256ab5 key = [org.springframework.boot.autoconfigure.cache.CacheAutoConfiguration, org.springframework.boot.autoconfigure.data.jpa.JpaRepositoriesAutoConfiguration, org.springframework.boot.autoconfigure.flyway.FlywayAutoConfiguration, org.springframework.boot.autoconfigure.jdbc.DataSourceAutoConfiguration, org.springframework.boot.autoconfigure.jdbc.DataSourceTransactionManagerAutoConfiguration, org.springframework.boot.autoconfigure.jdbc.JdbcTemplateAutoConfiguration, org.springframework.boot.autoconfigure.liquibase.LiquibaseAutoConfiguration, org.springframework.boot.autoconfigure.orm.jpa.HibernateJpaAutoConfiguration, org.springframework.boot.autoconfigure.sql.init.SqlInitializationAutoConfiguration, org.springframework.boot.autoconfigure.transaction.TransactionAutoConfiguration, org.springframework.boot.test.autoconfigure.jdbc.TestDatabaseAutoConfiguration, org.springframework.boot.test.autoconfigure.orm.jpa.TestEntityManagerAutoConfiguration, com.ardevtech.board.config.JpaConfig]], org.springframework.boot.test.context.filter.ExcludeFilterContextCustomizer@2f16c6b3, org.springframework.boot.test.json.DuplicateJsonObjectContextCustomizerFactory$DuplicateJsonObjectContextCustomizer@53941c2f, org.springframework.boot.test.mock.mockito.MockitoContextCustomizer@0, org.springframework.boot.test.context.SpringBootTestArgs@1, org.springframework.boot.test.context.SpringBootTestWebEnvironment@0], contextLoader = 'org.springframework.boot.test.context.SpringBootContextLoader', parent = [null]], attributes = map['org.springframework.test.context.event.ApplicationEventsTestExecutionListener.recordApplicationEvents' -> false]]; transaction manager [org.springframework.orm.jpa.JpaTransactionManager@4ec78008]; rollback [true]
Hibernate: 
    select
        article0_.id as id1_0_,
        article0_.created_at as created_2_0_,
        article0_.created_by as created_3_0_,
        article0_.modified_at as modified4_0_,
        article0_.modified_by as modified5_0_,
        article0_.content as content6_0_,
        article0_.hashtag as hashtag7_0_,
        article0_.title as title8_0_ 
    from
        article article0_
2023-02-15 14:56:51.102  INFO 13832 --- [    Test worker] o.s.t.c.transaction.TransactionContext   : Rolled back transaction for test: [DefaultTestContext@1bad5ab3 testClass = JpaRepositoryTest, testInstance = com.ardevtech.board.repository.JpaRepositoryTest@6b0aa757, testMethod = givenTestData_whenSelection_thenWorkingFine@JpaRepositoryTest, testException = [null], mergedContextConfiguration = [MergedContextConfiguration@63513c1c testClass = JpaRepositoryTest, locations = '{}', classes = '{class com.ardevtech.board.BoardApplication}', contextInitializerClasses = '[]', activeProfiles = '{}', propertySourceLocations = '{}', propertySourceProperties = '{org.springframework.boot.test.autoconfigure.orm.jpa.DataJpaTestContextBootstrapper=true}', contextCustomizers = set[org.springframework.boot.test.autoconfigure.OverrideAutoConfigurationContextCustomizerFactory$DisableAutoConfigurationContextCustomizer@56c7e2d1, org.springframework.boot.test.autoconfigure.actuate.metrics.MetricsExportContextCustomizerFactory$DisableMetricExportContextCustomizer@466276d8, org.springframework.boot.test.autoconfigure.filter.TypeExcludeFiltersContextCustomizer@351584c0, org.springframework.boot.test.autoconfigure.properties.PropertyMappingContextCustomizer@23818da6, org.springframework.boot.test.autoconfigure.web.servlet.WebDriverContextCustomizerFactory$Customizer@1a20270e, [ImportsContextCustomizer@5b256ab5 key = [org.springframework.boot.autoconfigure.cache.CacheAutoConfiguration, org.springframework.boot.autoconfigure.data.jpa.JpaRepositoriesAutoConfiguration, org.springframework.boot.autoconfigure.flyway.FlywayAutoConfiguration, org.springframework.boot.autoconfigure.jdbc.DataSourceAutoConfiguration, org.springframework.boot.autoconfigure.jdbc.DataSourceTransactionManagerAutoConfiguration, org.springframework.boot.autoconfigure.jdbc.JdbcTemplateAutoConfiguration, org.springframework.boot.autoconfigure.liquibase.LiquibaseAutoConfiguration, org.springframework.boot.autoconfigure.orm.jpa.HibernateJpaAutoConfiguration, org.springframework.boot.autoconfigure.sql.init.SqlInitializationAutoConfiguration, org.springframework.boot.autoconfigure.transaction.TransactionAutoConfiguration, org.springframework.boot.test.autoconfigure.jdbc.TestDatabaseAutoConfiguration, org.springframework.boot.test.autoconfigure.orm.jpa.TestEntityManagerAutoConfiguration, com.ardevtech.board.config.JpaConfig]], org.springframework.boot.test.context.filter.ExcludeFilterContextCustomizer@2f16c6b3, org.springframework.boot.test.json.DuplicateJsonObjectContextCustomizerFactory$DuplicateJsonObjectContextCustomizer@53941c2f, org.springframework.boot.test.mock.mockito.MockitoContextCustomizer@0, org.springframework.boot.test.context.SpringBootTestArgs@1, org.springframework.boot.test.context.SpringBootTestWebEnvironment@0], contextLoader = 'org.springframework.boot.test.context.SpringBootContextLoader', parent = [null]], attributes = map['org.springframework.test.context.event.ApplicationEventsTestExecutionListener.recordApplicationEvents' -> false]]
]]></system-out>
  <system-err><![CDATA[]]></system-err>
</testsuite>
